[debug] [2022-12-21T20:14:02.363Z] ----------------------------------------------------------------------
[debug] [2022-12-21T20:14:02.366Z] Command:       C:\Program Files\nodejs\node.exe C:\Users\UPOMA\AppData\Roaming\npm\node_modules\firebase-tools\lib\bin\firebase.js init
[debug] [2022-12-21T20:14:02.367Z] CLI Version:   11.16.1
[debug] [2022-12-21T20:14:02.367Z] Platform:      win32
[debug] [2022-12-21T20:14:02.367Z] Node Version:  v18.12.1
[debug] [2022-12-21T20:14:02.369Z] Time:          Thu Dec 22 2022 02:14:02 GMT+0600 (Bangladesh Standard Time)
[debug] [2022-12-21T20:14:02.370Z] ----------------------------------------------------------------------
[debug] 
[debug] [2022-12-21T20:14:02.376Z] >>> [apiv2][query] GET https://firebase-public.firebaseio.com/cli.json [none]
[debug] [2022-12-21T20:14:02.543Z] > command requires scopes: ["email","openid","https://www.googleapis.com/auth/cloudplatformprojects.readonly","https://www.googleapis.com/auth/firebase","https://www.googleapis.com/auth/cloud-platform"]
[debug] [2022-12-21T20:14:02.543Z] > authorizing via signed-in user (upoma.cdsr@gmail.com)
[info] 
     ######## #### ########  ######## ########     ###     ######  ########
     ##        ##  ##     ## ##       ##     ##  ##   ##  ##       ##
     ######    ##  ########  ######   ########  #########  ######  ######
     ##        ##  ##    ##  ##       ##     ## ##     ##       ## ##
     ##       #### ##     ## ######## ########  ##     ##  ######  ########

You're about to initialize a Firebase project in this directory:

  C:\Projects\assignment-11\b6a11-service-review-client-side-Upoma218

Before we get started, keep in mind:

  * You are currently outside your home directory
  * You are initializing within an existing Firebase project directory

[debug] [2022-12-21T20:14:03.312Z] <<< [apiv2][status] GET https://firebase-public.firebaseio.com/cli.json 200
[debug] [2022-12-21T20:14:03.312Z] <<< [apiv2][body] GET https://firebase-public.firebaseio.com/cli.json {"cloudBuildErrorAfter":1594252800000,"cloudBuildWarnAfter":1590019200000,"defaultNode10After":1594252800000,"minVersion":"3.0.5","node8DeploysDisabledAfter":1613390400000,"node8RuntimeDisabledAfter":1615809600000,"node8WarnAfter":1600128000000}
[info] 
=== Project Setup
[info] 
[info] First, let's associate this project directory with a Firebase project.
[info] You can create multiple project aliases by running firebase use --add, 
[info] but for now we'll just set up a default project.
[info] 
[debug] [2022-12-21T20:14:11.501Z] Using project from CLI flag: flora-the-chef
[debug] [2022-12-21T20:14:11.502Z] > refreshing access token with scopes: []
[debug] [2022-12-21T20:14:11.505Z] >>> [apiv2][query] POST https://www.googleapis.com/oauth2/v3/token [none]
[debug] [2022-12-21T20:14:11.506Z] >>> [apiv2][body] POST https://www.googleapis.com/oauth2/v3/token [omitted]
[debug] [2022-12-21T20:14:11.973Z] <<< [apiv2][status] POST https://www.googleapis.com/oauth2/v3/token 400
[debug] [2022-12-21T20:14:11.973Z] <<< [apiv2][body] POST https://www.googleapis.com/oauth2/v3/token [omitted]
[debug] [2022-12-21T20:14:11.973Z] >>> [apiv2][query] GET https://firebase.googleapis.com/v1beta1/projects/flora-the-chef [none]
[debug] [2022-12-21T20:14:12.658Z] <<< [apiv2][status] GET https://firebase.googleapis.com/v1beta1/projects/flora-the-chef 401
[debug] [2022-12-21T20:14:12.658Z] <<< [apiv2][body] GET https://firebase.googleapis.com/v1beta1/projects/flora-the-chef {"error":{"code":401,"message":"Request had invalid authentication credentials. Expected OAuth 2 access token, login cookie or other valid authentication credential. See https://developers.google.com/identity/sign-in/web/devconsole-project.","status":"UNAUTHENTICATED"}}
[debug] [2022-12-21T20:14:12.659Z] HTTP Error: 401, Request had invalid authentication credentials. Expected OAuth 2 access token, login cookie or other valid authentication credential. See https://developers.google.com/identity/sign-in/web/devconsole-project.
[debug] [2022-12-21T20:14:12.886Z] FirebaseError: HTTP Error: 401, Request had invalid authentication credentials. Expected OAuth 2 access token, login cookie or other valid authentication credential. See https://developers.google.com/identity/sign-in/web/devconsole-project.
    at responseToError (C:\Users\UPOMA\AppData\Roaming\npm\node_modules\firebase-tools\lib\responseToError.js:49:12)
    at RetryOperation._fn (C:\Users\UPOMA\AppData\Roaming\npm\node_modules\firebase-tools\lib\apiv2.js:288:77)
    at process.processTicksAndRejections (node:internal/process/task_queues:95:5)
[error] 
[error] Error: Failed to get Firebase project flora-the-chef. Please make sure the project exists and your account has permission to access it.
[debug] [2022-12-21T20:14:40.017Z] ----------------------------------------------------------------------
[debug] [2022-12-21T20:14:40.020Z] Command:       C:\Program Files\nodejs\node.exe C:\Users\UPOMA\AppData\Roaming\npm\node_modules\firebase-tools\lib\bin\firebase.js init
[debug] [2022-12-21T20:14:40.021Z] CLI Version:   11.16.1
[debug] [2022-12-21T20:14:40.021Z] Platform:      win32
[debug] [2022-12-21T20:14:40.021Z] Node Version:  v18.12.1
[debug] [2022-12-21T20:14:40.023Z] Time:          Thu Dec 22 2022 02:14:40 GMT+0600 (Bangladesh Standard Time)
[debug] [2022-12-21T20:14:40.023Z] ----------------------------------------------------------------------
[debug] 
[debug] [2022-12-21T20:14:40.135Z] > command requires scopes: ["email","openid","https://www.googleapis.com/auth/cloudplatformprojects.readonly","https://www.googleapis.com/auth/firebase","https://www.googleapis.com/auth/cloud-platform"]
[debug] [2022-12-21T20:14:40.135Z] > authorizing via signed-in user (upoma.cdsr@gmail.com)
[info] 
     ######## #### ########  ######## ########     ###     ######  ########
     ##        ##  ##     ## ##       ##     ##  ##   ##  ##       ##
     ######    ##  ########  ######   ########  #########  ######  ######
     ##        ##  ##    ##  ##       ##     ## ##     ##       ## ##
     ##       #### ##     ## ######## ########  ##     ##  ######  ########

You're about to initialize a Firebase project in this directory:

  C:\Projects\assignment-11\b6a11-service-review-client-side-Upoma218

Before we get started, keep in mind:

  * You are currently outside your home directory
  * You are initializing within an existing Firebase project directory

[info] 
=== Project Setup
[info] 
[info] First, let's associate this project directory with a Firebase project.
[info] You can create multiple project aliases by running firebase use --add, 
[info] but for now we'll just set up a default project.
[info] 
[debug] [2022-12-21T20:14:50.369Z] Using project from CLI flag: flora-the-chef
[debug] [2022-12-21T20:14:50.372Z] > refreshing access token with scopes: []
[debug] [2022-12-21T20:14:50.375Z] >>> [apiv2][query] POST https://www.googleapis.com/oauth2/v3/token [none]
[debug] [2022-12-21T20:14:50.375Z] >>> [apiv2][body] POST https://www.googleapis.com/oauth2/v3/token [omitted]
[debug] [2022-12-21T20:14:51.313Z] <<< [apiv2][status] POST https://www.googleapis.com/oauth2/v3/token 400
[debug] [2022-12-21T20:14:51.314Z] <<< [apiv2][body] POST https://www.googleapis.com/oauth2/v3/token [omitted]
[debug] [2022-12-21T20:14:51.314Z] >>> [apiv2][query] GET https://firebase.googleapis.com/v1beta1/projects/flora-the-chef [none]
[debug] [2022-12-21T20:14:52.388Z] <<< [apiv2][status] GET https://firebase.googleapis.com/v1beta1/projects/flora-the-chef 401
[debug] [2022-12-21T20:14:52.388Z] <<< [apiv2][body] GET https://firebase.googleapis.com/v1beta1/projects/flora-the-chef {"error":{"code":401,"message":"Request had invalid authentication credentials. Expected OAuth 2 access token, login cookie or other valid authentication credential. See https://developers.google.com/identity/sign-in/web/devconsole-project.","status":"UNAUTHENTICATED"}}
[debug] [2022-12-21T20:14:52.389Z] HTTP Error: 401, Request had invalid authentication credentials. Expected OAuth 2 access token, login cookie or other valid authentication credential. See https://developers.google.com/identity/sign-in/web/devconsole-project.
[debug] [2022-12-21T20:14:53.004Z] FirebaseError: HTTP Error: 401, Request had invalid authentication credentials. Expected OAuth 2 access token, login cookie or other valid authentication credential. See https://developers.google.com/identity/sign-in/web/devconsole-project.
    at responseToError (C:\Users\UPOMA\AppData\Roaming\npm\node_modules\firebase-tools\lib\responseToError.js:49:12)
    at RetryOperation._fn (C:\Users\UPOMA\AppData\Roaming\npm\node_modules\firebase-tools\lib\apiv2.js:288:77)
    at process.processTicksAndRejections (node:internal/process/task_queues:95:5)
[error] 
[error] Error: Failed to get Firebase project flora-the-chef. Please make sure the project exists and your account has permission to access it.
